# Logfile created on 2013-12-28 20:17:57 -0700 by logger.rb/36483
I, [2013-12-28T20:17:57.105974 #55584]  INFO -- : 0:  RedCloth (4.2.9) from /Library/Ruby/Gems/2.0.0/specifications/RedCloth-4.2.9.gemspec
I, [2013-12-28T20:17:57.106642 #55584]  INFO -- : 0:  blankslate (2.1.2.4) from /Users/mini/.gem/ruby/2.0.0/specifications/blankslate-2.1.2.4.gemspec
I, [2013-12-28T20:17:57.107050 #55584]  INFO -- : 0:  fast-stemmer (1.0.2) from /Users/mini/.gem/ruby/2.0.0/specifications/fast-stemmer-1.0.2.gemspec
I, [2013-12-28T20:17:57.107905 #55584]  INFO -- : 0:  classifier (1.3.3) from /Users/mini/.gem/ruby/2.0.0/specifications/classifier-1.3.3.gemspec
I, [2013-12-28T20:17:57.108343 #55584]  INFO -- : 0:  colorator (0.1) from /Users/mini/.gem/ruby/2.0.0/specifications/colorator-0.1.gemspec
I, [2013-12-28T20:17:57.108851 #55584]  INFO -- : 0:  highline (1.6.20) from /Users/mini/.gem/ruby/2.0.0/specifications/highline-1.6.20.gemspec
I, [2013-12-28T20:17:57.109234 #55584]  INFO -- : 0:  commander (4.1.5) from /Users/mini/.gem/ruby/2.0.0/specifications/commander-4.1.5.gemspec
I, [2013-12-28T20:17:57.109627 #55584]  INFO -- : 0:  ffi (1.9.3) from /Users/mini/.gem/ruby/2.0.0/specifications/ffi-1.9.3.gemspec
I, [2013-12-28T20:17:57.110004 #55584]  INFO -- : 0:  liquid (2.5.4) from /Users/mini/.gem/ruby/2.0.0/specifications/liquid-2.5.4.gemspec
I, [2013-12-28T20:17:57.110390 #55584]  INFO -- : 0:  rb-fsevent (0.9.3) from /Users/mini/.gem/ruby/2.0.0/specifications/rb-fsevent-0.9.3.gemspec
I, [2013-12-28T20:17:57.113686 #55584]  INFO -- : 0:  rb-inotify (0.9.3) from /Users/mini/.gem/ruby/2.0.0/specifications/rb-inotify-0.9.3.gemspec
I, [2013-12-28T20:17:57.114096 #55584]  INFO -- : 0:  rb-kqueue (0.2.0) from /Users/mini/.gem/ruby/2.0.0/specifications/rb-kqueue-0.2.0.gemspec
I, [2013-12-28T20:17:57.114533 #55584]  INFO -- : 0:  listen (1.3.1) from /Users/mini/.gem/ruby/2.0.0/specifications/listen-1.3.1.gemspec
I, [2013-12-28T20:17:57.114929 #55584]  INFO -- : 0:  maruku (0.7.0) from /Users/mini/.gem/ruby/2.0.0/specifications/maruku-0.7.0.gemspec
I, [2013-12-28T20:17:57.115322 #55584]  INFO -- : 0:  posix-spawn (0.3.8) from /Users/mini/.gem/ruby/2.0.0/specifications/posix-spawn-0.3.8.gemspec
I, [2013-12-28T20:17:57.116756 #55584]  INFO -- : 0:  yajl-ruby (1.1.0) from /Users/mini/.gem/ruby/2.0.0/specifications/yajl-ruby-1.1.0.gemspec
I, [2013-12-28T20:17:57.117302 #55584]  INFO -- : 0:  pygments.rb (0.5.4) from /Users/mini/.gem/ruby/2.0.0/specifications/pygments.rb-0.5.4.gemspec
I, [2013-12-28T20:17:57.117858 #55584]  INFO -- : 0:  redcarpet (2.3.0) from /Users/mini/.gem/ruby/2.0.0/specifications/redcarpet-2.3.0.gemspec
I, [2013-12-28T20:17:57.118313 #55584]  INFO -- : 0:  safe_yaml (0.9.7) from /Users/mini/.gem/ruby/2.0.0/specifications/safe_yaml-0.9.7.gemspec
I, [2013-12-28T20:17:57.118731 #55584]  INFO -- : 0:  parslet (1.5.0) from /Users/mini/.gem/ruby/2.0.0/specifications/parslet-1.5.0.gemspec
I, [2013-12-28T20:17:57.119144 #55584]  INFO -- : 0:  toml (0.1.0) from /Users/mini/.gem/ruby/2.0.0/specifications/toml-0.1.0.gemspec
I, [2013-12-28T20:17:57.119556 #55584]  INFO -- : 0:  jekyll (1.4.2) from /Library/Ruby/Gems/2.0.0/specifications/jekyll-1.4.2.gemspec
I, [2013-12-28T20:17:57.119994 #55584]  INFO -- : 0:  kramdown (1.2.0) from /Library/Ruby/Gems/2.0.0/specifications/kramdown-1.2.0.gemspec
I, [2013-12-28T20:17:57.121341 #55584]  INFO -- : 0:  rdiscount (2.1.7) from /Library/Ruby/Gems/2.0.0/specifications/rdiscount-2.1.7.gemspec
I, [2013-12-28T20:17:57.121884 #55584]  INFO -- : 0:  github-pages (12) from /Library/Ruby/Gems/2.0.0/specifications/github-pages-12.gemspec
I, [2013-12-28T20:17:57.122273 #55584]  INFO -- : 0:  bundler (1.5.1) from /Library/Ruby/Gems/2.0.0/specifications/bundler-1.5.1.gemspec
I, [2013-12-28T20:22:13.189276 #56028]  INFO -- : 0:  RedCloth (4.2.9) from /Library/Ruby/Gems/2.0.0/specifications/RedCloth-4.2.9.gemspec
I, [2013-12-28T20:22:13.190027 #56028]  INFO -- : 0:  blankslate (2.1.2.4) from /Users/mini/.gem/ruby/2.0.0/specifications/blankslate-2.1.2.4.gemspec
I, [2013-12-28T20:22:13.190498 #56028]  INFO -- : 0:  fast-stemmer (1.0.2) from /Users/mini/.gem/ruby/2.0.0/specifications/fast-stemmer-1.0.2.gemspec
I, [2013-12-28T20:22:13.190975 #56028]  INFO -- : 0:  classifier (1.3.3) from /Users/mini/.gem/ruby/2.0.0/specifications/classifier-1.3.3.gemspec
I, [2013-12-28T20:22:13.191395 #56028]  INFO -- : 0:  colorator (0.1) from /Users/mini/.gem/ruby/2.0.0/specifications/colorator-0.1.gemspec
I, [2013-12-28T20:22:13.192293 #56028]  INFO -- : 0:  highline (1.6.20) from /Users/mini/.gem/ruby/2.0.0/specifications/highline-1.6.20.gemspec
I, [2013-12-28T20:22:13.192792 #56028]  INFO -- : 0:  commander (4.1.5) from /Users/mini/.gem/ruby/2.0.0/specifications/commander-4.1.5.gemspec
I, [2013-12-28T20:22:13.193229 #56028]  INFO -- : 0:  ffi (1.9.3) from /Users/mini/.gem/ruby/2.0.0/specifications/ffi-1.9.3.gemspec
I, [2013-12-28T20:22:13.193716 #56028]  INFO -- : 0:  liquid (2.5.4) from /Users/mini/.gem/ruby/2.0.0/specifications/liquid-2.5.4.gemspec
I, [2013-12-28T20:22:13.194141 #56028]  INFO -- : 0:  rb-fsevent (0.9.3) from /Users/mini/.gem/ruby/2.0.0/specifications/rb-fsevent-0.9.3.gemspec
I, [2013-12-28T20:22:13.194570 #56028]  INFO -- : 0:  rb-inotify (0.9.3) from /Users/mini/.gem/ruby/2.0.0/specifications/rb-inotify-0.9.3.gemspec
I, [2013-12-28T20:22:13.194974 #56028]  INFO -- : 0:  rb-kqueue (0.2.0) from /Users/mini/.gem/ruby/2.0.0/specifications/rb-kqueue-0.2.0.gemspec
I, [2013-12-28T20:22:13.195418 #56028]  INFO -- : 0:  listen (1.3.1) from /Users/mini/.gem/ruby/2.0.0/specifications/listen-1.3.1.gemspec
I, [2013-12-28T20:22:13.195795 #56028]  INFO -- : 0:  maruku (0.7.0) from /Users/mini/.gem/ruby/2.0.0/specifications/maruku-0.7.0.gemspec
I, [2013-12-28T20:22:13.196206 #56028]  INFO -- : 0:  posix-spawn (0.3.8) from /Users/mini/.gem/ruby/2.0.0/specifications/posix-spawn-0.3.8.gemspec
I, [2013-12-28T20:22:13.196612 #56028]  INFO -- : 0:  yajl-ruby (1.1.0) from /Users/mini/.gem/ruby/2.0.0/specifications/yajl-ruby-1.1.0.gemspec
I, [2013-12-28T20:22:13.197039 #56028]  INFO -- : 0:  pygments.rb (0.5.4) from /Users/mini/.gem/ruby/2.0.0/specifications/pygments.rb-0.5.4.gemspec
I, [2013-12-28T20:22:13.197542 #56028]  INFO -- : 0:  redcarpet (2.3.0) from /Users/mini/.gem/ruby/2.0.0/specifications/redcarpet-2.3.0.gemspec
I, [2013-12-28T20:22:13.197970 #56028]  INFO -- : 0:  safe_yaml (0.9.7) from /Users/mini/.gem/ruby/2.0.0/specifications/safe_yaml-0.9.7.gemspec
I, [2013-12-28T20:22:13.198395 #56028]  INFO -- : 0:  parslet (1.5.0) from /Users/mini/.gem/ruby/2.0.0/specifications/parslet-1.5.0.gemspec
I, [2013-12-28T20:22:13.198807 #56028]  INFO -- : 0:  toml (0.1.0) from /Users/mini/.gem/ruby/2.0.0/specifications/toml-0.1.0.gemspec
I, [2013-12-28T20:22:13.199237 #56028]  INFO -- : 0:  jekyll (1.4.2) from /Library/Ruby/Gems/2.0.0/specifications/jekyll-1.4.2.gemspec
I, [2013-12-28T20:22:13.199656 #56028]  INFO -- : 0:  kramdown (1.2.0) from /Library/Ruby/Gems/2.0.0/specifications/kramdown-1.2.0.gemspec
I, [2013-12-28T20:22:13.200074 #56028]  INFO -- : 0:  rdiscount (2.1.7) from /Library/Ruby/Gems/2.0.0/specifications/rdiscount-2.1.7.gemspec
I, [2013-12-28T20:22:13.200607 #56028]  INFO -- : 0:  github-pages (12) from /Library/Ruby/Gems/2.0.0/specifications/github-pages-12.gemspec
I, [2013-12-28T20:22:13.201007 #56028]  INFO -- : 0:  bundler (1.5.1) from /Library/Ruby/Gems/2.0.0/specifications/bundler-1.5.1.gemspec
